<?xml version="1.0" encoding="UTF-8"?>
<!-- Generated by org.testng.reporters.JUnitXMLReporter -->
<testsuite hostname="DESKTOP-HK165OT" failures="1" tests="1" name="Command line test" time="0.033" errors="0" timestamp="21 Apr 2022 05:00:18 GMT">
  <testcase classname="Test.ViajeTestNGTest" name="testSomeMethod" time="0.004">
    <failure type="java.lang.AssertionError" message="The test case is a prototype.">
      <![CDATA[java.lang.AssertionError: The test case is a prototype.
	at Test.ViajeTestNGTest.testSomeMethod(ViajeTestNGTest.java:37)
... Removed 35 stack frames]]>
    </failure>
  </testcase> <!-- testSomeMethod -->
</testsuite> <!-- Command line test -->
