<?xml version="1.0" encoding="UTF-8" ?>
<testsuite tests="1" failures="1" name="TestSuite" time="0.009" errors="0" skipped="0">
  <properties>
[...]
</properties>
  <testcase classname="Test.ViajeTestNGTest" name="testSomeMethod" time="0.009">
    <failure message="The test case is a prototype." type="java.lang.AssertionError">java.lang.AssertionError: The test case is a prototype.
	at org.testng.Assert.fail(Assert.java:94)
	at Test.ViajeTestNGTest.testSomeMethod(ViajeTestNGTest.java:37)
</failure>
    <system-out>Configuring TestNG with: org.apache.maven.surefire.testng.conf.TestNG652Configurator@3a4afd8d
</system-out>
  </testcase>
</testsuite>